<?xml version="1.0" encoding="UTF-8"?>
<!-- Generated by org.testng.reporters.JUnitReportReporter -->
<testsuite hostname="DESKTOP-SNBGG61" failures="0" tests="1" name="com.OrangeHRMApplicationWebPages.OrangeHRMLoginPage" time="0.019" errors="0" timestamp="2023-12-06T10:39:28 CST" skipped="0">
  <testcase classname="com.OrangeHRMApplicationWebPages.OrangeHRMLoginPage" name="ValidationOfLoginPage" time="0.019"/>
  <system-out/>
</testsuite> <!-- com.OrangeHRMApplicationWebPages.OrangeHRMLoginPage -->
