<?xml version="1.0" encoding="UTF-8"?>
<!-- Generated by org.testng.reporters.JUnitReportReporter -->
<testsuite hostname="DESKTOP-SNBGG61" failures="0" tests="2" name="com.WebApplication.BaseTest" time="1.755" errors="0" timestamp="2023-11-25T05:56:41 CST" skipped="0">
  <testcase classname="com.WebApplication.BaseTest" name="Setup" time="1.621"/>
  <system-out/>
  <testcase classname="com.WebApplication.BaseTest" name="teardown" time="0.134"/>
  <system-out/>
</testsuite> <!-- com.WebApplication.BaseTest -->
