<?xml version="1.0" encoding="UTF-8"?>
<!-- Generated by org.testng.reporters.JUnitReportReporter -->
<testsuite hostname="DESKTOP-SNBGG61" failures="0" tests="2" name="com.WebTable.Webtable_DataintoExcelSheet" time="0.138" errors="0" timestamp="2023-11-22T12:04:58 CST" skipped="0">
  <testcase classname="com.WebTable.Webtable_DataintoExcelSheet" name="Capturingwebtabledata" time="0.056"/>
  <system-out/>
  <testcase classname="com.WebTable.Webtable_DataintoExcelSheet" name="WebTabletoExcel" time="0.082"/>
  <system-out/>
</testsuite> <!-- com.WebTable.Webtable_DataintoExcelSheet -->
