<?xml version="1.0" encoding="UTF-8"?>
<!-- Generated by org.testng.reporters.JUnitReportReporter -->
<testsuite hostname="DESKTOP-SNBGG61" failures="0" tests="1" name="com.WebApplication.LoginDataWithvalidinvalid_ScreenShots" time="0.590" errors="0" timestamp="2023-11-27T09:31:30 CST" skipped="0">
  <testcase classname="com.WebApplication.LoginDataWithvalidinvalid_ScreenShots" name="ScreenShotwithData" time="0.590"/>
  <system-out/>
</testsuite> <!-- com.WebApplication.LoginDataWithvalidinvalid_ScreenShots -->
