<?xml version="1.0" encoding="UTF-8"?>
<!-- Generated by org.testng.reporters.JUnitReportReporter -->
<testsuite hostname="DESKTOP-SNBGG61" failures="0" tests="1" name="com.testNg.annotations1" time="0.010" errors="0" timestamp="2023-11-14T23:15:01 CST" skipped="0">
  <testcase classname="com.testNg.annotations1" name="Launchingthebowser" time="0.010"/>
  <system-out/>
</testsuite> <!-- com.testNg.annotations1 -->
