<?xml version="1.0" encoding="UTF-8"?>
<!-- Generated by org.testng.reporters.JUnitReportReporter -->
<testsuite hostname="DESKTOP-SNBGG61" failures="0" tests="1" name="CapturingCompleteWebTableData" time="0.008" errors="0" timestamp="2023-11-21T07:47:36 CST" skipped="0">
  <testcase classname="CapturingCompleteWebTableData" name="CapturingTimeAndDateWebTable" time="0.008"/>
  <system-out/>
</testsuite> <!-- CapturingCompleteWebTableData -->
