<?xml version="1.0" encoding="UTF-8"?>
<!-- Generated by org.testng.reporters.JUnitReportReporter -->
<testsuite hostname="DESKTOP-SNBGG61" failures="0" tests="1" name="com.WebApplication.OrangeHRM_AddEmployeeTest" time="0.006" errors="0" timestamp="2023-11-27T09:07:51 CST" skipped="0">
  <testcase classname="com.WebApplication.OrangeHRM_AddEmployeeTest" name="Addemployee" time="0.006"/>
  <system-out/>
</testsuite> <!-- com.WebApplication.OrangeHRM_AddEmployeeTest -->
