<?xml version="1.0" encoding="UTF-8"?>
<!-- Generated by org.testng.reporters.JUnitReportReporter -->
<testsuite hostname="DESKTOP-SNBGG61" failures="0" tests="1" name="com.OrangeHRMLoginWIthPropertyfile.OHRMLoginWithPropertyfile" time="4.349" errors="0" timestamp="2023-11-21T02:00:09 CST" skipped="0">
  <testcase classname="com.OrangeHRMLoginWIthPropertyfile.OHRMLoginWithPropertyfile" name="OHRMApplicationLogin" time="4.349"/>
  <system-out/>
</testsuite> <!-- com.OrangeHRMLoginWIthPropertyfile.OHRMLoginWithPropertyfile -->
