<?xml version="1.0" encoding="UTF-8"?>
<!-- Generated by org.testng.reporters.JUnitReportReporter -->
<testsuite hostname="DESKTOP-SNBGG61" failures="0" tests="3" name="com.WebApplication.webApplicationLoginTest" time="1.973" errors="0" timestamp="2023-11-26T01:18:20 CST" skipped="0">
  <testcase classname="com.WebApplication.webApplicationLoginTest" name="validatingloginpagetext" time="0.545"/>
  <system-out/>
  <testcase classname="com.WebApplication.webApplicationLoginTest" name="validatingloginpagetitle" time="0.037"/>
  <system-out/>
  <testcase classname="com.WebApplication.webApplicationLoginTest" name="LoginwithvalidData" time="1.391"/>
  <system-out/>
</testsuite> <!-- com.WebApplication.webApplicationLoginTest -->
